<?xml version="1.0" encoding="UTF-8"?>
<!-- Generated by org.testng.reporters.JUnitReportReporter -->
<testsuite hostname="Maharshis-MBP.fritz.box" failures="0" tests="2" name="com.herokuapp.theinternet.PositiveLoginTests" time="15.583" errors="0" timestamp="10 May 2020 09:47:43 GMT" skipped="0">
  <testcase classname="com.herokuapp.theinternet.PositiveLoginTests" name="PositiveLoginTest2" time="7.605"/>
  <testcase classname="com.herokuapp.theinternet.PositiveLoginTests" name="PositiveLoginTest2" time="7.978"/>
</testsuite> <!-- com.herokuapp.theinternet.PositiveLoginTests -->
