<?xml version="1.0" encoding="UTF-8"?>
<!-- Generated by org.testng.reporters.JUnitReportReporter -->
<testsuite hostname="Maharshis-MBP.fritz.box" failures="0" tests="1" name="com.herokuapp.theinternet.CheckBoxPageTest" time="9.261" errors="0" timestamp="10 May 2020 17:31:00 GMT" skipped="0">
  <testcase classname="com.herokuapp.theinternet.CheckBoxPageTest" name="checkboxclick" time="9.261"/>
</testsuite> <!-- com.herokuapp.theinternet.CheckBoxPageTest -->
