<?xml version="1.0" encoding="UTF-8"?>
<!-- Generated by org.testng.reporters.JUnitReportReporter -->
<testsuite hostname="Maharshis-MBP.fritz.box" failures="0" tests="2" name="com.herokuapp.theinternet.CheckBoxPageTest" time="17.688" errors="0" timestamp="09 May 2020 17:43:03 GMT" skipped="0">
  <testcase classname="com.herokuapp.theinternet.CheckBoxPageTest" name="checkboxclick" time="8.432"/>
  <testcase classname="com.herokuapp.theinternet.CheckBoxPageTest" name="checkboxclick" time="9.256"/>
</testsuite> <!-- com.herokuapp.theinternet.CheckBoxPageTest -->
