<?xml version="1.0" encoding="UTF-8"?>
<!-- Generated by org.testng.reporters.JUnitReportReporter -->
<testsuite hostname="Maharshis-MBP.fritz.box" failures="0" tests="1" name="com.herokuapp.theinternet.PositiveLoginTests" time="11.169" errors="0" timestamp="10 Jun 2020 08:50:18 GMT" skipped="0">
  <testcase classname="com.herokuapp.theinternet.PositiveLoginTests" name="PositiveLoginTest" time="11.169"/>
</testsuite> <!-- com.herokuapp.theinternet.PositiveLoginTests -->
