<?xml version="1.0" encoding="UTF-8"?>
<!-- Generated by org.testng.reporters.JUnitReportReporter -->
<testsuite hostname="Maharshis-MBP.fritz.box" failures="0" tests="2" name="com.herokuapp.theinternet.CheckBoxPageTest" time="27.599" errors="0" timestamp="10 May 2020 16:31:19 GMT" skipped="0">
  <testcase classname="com.herokuapp.theinternet.CheckBoxPageTest" name="checkboxclick" time="18.698"/>
  <testcase classname="com.herokuapp.theinternet.CheckBoxPageTest" name="checkboxclick" time="8.901"/>
</testsuite> <!-- com.herokuapp.theinternet.CheckBoxPageTest -->
