<?xml version="1.0" encoding="UTF-8"?>
<!-- Generated by org.testng.reporters.JUnitReportReporter -->
<testsuite hostname="Maharshis-MBP.fritz.box" failures="0" tests="5" name="com.herokuapp.theinternet.NegativeLogInTests" time="53.146" errors="0" timestamp="10 Jun 2020 08:39:27 GMT" skipped="0">
  <testcase classname="com.herokuapp.theinternet.NegativeLogInTests" name="negativeLogInTest" time="10.071"/>
  <testcase classname="com.herokuapp.theinternet.NegativeLogInTests" name="negativeLogInTest" time="10.338"/>
  <testcase classname="com.herokuapp.theinternet.NegativeLogInTests" name="negativeLogInTest" time="11.219"/>
  <testcase classname="com.herokuapp.theinternet.NegativeLogInTests" name="negativeLogInTest" time="10.158"/>
  <testcase classname="com.herokuapp.theinternet.NegativeLogInTests" name="negativeLogInTest" time="11.360"/>
</testsuite> <!-- com.herokuapp.theinternet.NegativeLogInTests -->
