<?xml version="1.0" encoding="UTF-8"?>
<!-- Generated by org.testng.reporters.JUnitReportReporter -->
<testsuite hostname="Maharshis-MBP.fritz.box" failures="0" tests="5" name="com.herokuapp.theinternet.NegativeLogInTests" time="36.687" errors="0" timestamp="10 May 2020 11:01:11 GMT" skipped="0">
  <testcase classname="com.herokuapp.theinternet.NegativeLogInTests" name="negativeLogInTest" time="7.361"/>
  <testcase classname="com.herokuapp.theinternet.NegativeLogInTests" name="negativeLogInTest" time="7.195"/>
  <testcase classname="com.herokuapp.theinternet.NegativeLogInTests" name="negativeLogInTest" time="7.193"/>
  <testcase classname="com.herokuapp.theinternet.NegativeLogInTests" name="negativeLogInTest" time="7.031"/>
  <testcase classname="com.herokuapp.theinternet.NegativeLogInTests" name="negativeLogInTest" time="7.907"/>
</testsuite> <!-- com.herokuapp.theinternet.NegativeLogInTests -->
